0 info it worked if it ends with ok
1 verbose cli [ 'node',
1 verbose cli   '/Users/danielgrumberg/.meteor/packages/meteor-tool/.1.3.2_4.lbyo5v++os.osx.x86_64+web.browser+web.cordova/mt-os.osx.x86_64/dev_bundle/bin/npm',
1 verbose cli   'start' ]
2 info using npm@2.14.22
3 info using node@v0.10.43
4 verbose run-script [ 'prestart', 'start', 'poststart' ]
5 info prestart kerbit@
6 info start kerbit@
7 verbose unsafe-perm in lifecycle true
8 info kerbit@ Failed to exec start script
9 verbose stack Error: kerbit@ start: `meteor run`
9 verbose stack Exit status 254
9 verbose stack     at EventEmitter.<anonymous> (/Users/danielgrumberg/.meteor/packages/meteor-tool/.1.3.2_4.lbyo5v++os.osx.x86_64+web.browser+web.cordova/mt-os.osx.x86_64/dev_bundle/lib/node_modules/npm/lib/utils/lifecycle.js:217:16)
9 verbose stack     at EventEmitter.emit (events.js:98:17)
9 verbose stack     at ChildProcess.<anonymous> (/Users/danielgrumberg/.meteor/packages/meteor-tool/.1.3.2_4.lbyo5v++os.osx.x86_64+web.browser+web.cordova/mt-os.osx.x86_64/dev_bundle/lib/node_modules/npm/lib/utils/spawn.js:24:14)
9 verbose stack     at ChildProcess.emit (events.js:98:17)
9 verbose stack     at maybeClose (child_process.js:766:16)
9 verbose stack     at Process.ChildProcess._handle.onexit (child_process.js:833:5)
10 verbose pkgid kerbit@
11 verbose cwd /Users/danielgrumberg/Programming/Uni/second_year/Kerb.It/www/kerbit
12 error Darwin 15.2.0
13 error argv "node" "/Users/danielgrumberg/.meteor/packages/meteor-tool/.1.3.2_4.lbyo5v++os.osx.x86_64+web.browser+web.cordova/mt-os.osx.x86_64/dev_bundle/bin/npm" "start"
14 error node v0.10.43
15 error npm  v2.14.22
16 error code ELIFECYCLE
17 error kerbit@ start: `meteor run`
17 error Exit status 254
18 error Failed at the kerbit@ start script 'meteor run'.
18 error This is most likely a problem with the kerbit package,
18 error not with npm itself.
18 error Tell the author that this fails on your system:
18 error     meteor run
18 error You can get information on how to open an issue for this project with:
18 error     npm bugs kerbit
18 error Or if that isn't available, you can get their info via:
18 error
18 error     npm owner ls kerbit
18 error There is likely additional logging output above.
19 verbose exit [ 1, true ]
